{"/Users/meyalv/fullstackopen/part4/bloglist/utils/list_helper.js": {"path":"/Users/meyalv/fullstackopen/part4/bloglist/utils/list_helper.js","statementMap":{"0":{"start":{"line":1,"column":14},"end":{"line":3,"column":1}},"1":{"start":{"line":2,"column":2},"end":{"line":2,"column":11}},"2":{"start":{"line":5,"column":19},"end":{"line":5,"column":78}},"3":{"start":{"line":5,"column":30},"end":{"line":5,"column":78}},"4":{"start":{"line":5,"column":58},"end":{"line":5,"column":74}},"5":{"start":{"line":7,"column":0},"end":{"line":10,"column":2}}},"fnMap":{"0":{"name":"(anonymous_0)","decl":{"start":{"line":1,"column":14},"end":{"line":1,"column":15}},"loc":{"start":{"line":1,"column":25},"end":{"line":3,"column":1}},"line":1},"1":{"name":"(anonymous_1)","decl":{"start":{"line":5,"column":19},"end":{"line":5,"column":20}},"loc":{"start":{"line":5,"column":30},"end":{"line":5,"column":78}},"line":5},"2":{"name":"(anonymous_2)","decl":{"start":{"line":5,"column":43},"end":{"line":5,"column":44}},"loc":{"start":{"line":5,"column":58},"end":{"line":5,"column":74}},"line":5}},"branchMap":{},"s":{"0":2,"1":1,"2":2,"3":1,"4":1,"5":2},"f":{"0":1,"1":1,"2":1},"b":{},"_coverageSchema":"1a1c01bbd47fc00a2c39e90264f33305004495a9","hash":"eb57dc781d6f22769f4a2d1fc00caee17f6d33c5"}
}
